{"/Users/erudz/Documents/Nauji mokslai IamJunior/Tests/Test/src/Users.tsx": {"path":"/Users/erudz/Documents/Nauji mokslai IamJunior/Tests/Test/src/Users.tsx","statementMap":{"0":{"start":{"line":1,"column":14},"end":{"line":11,"column":3}},"1":{"start":{"line":2,"column":4},"end":{"line":10,"column":6}},"2":{"start":{"line":13,"column":2},"end":{"line":13,"column":23}}},"fnMap":{"0":{"name":"(anonymous_0)","decl":{"start":{"line":1,"column":14},"end":{"line":1,"column":17}},"loc":{"start":{"line":1,"column":19},"end":{"line":11,"column":3}}}},"branchMap":{},"s":{"0":1,"1":2,"2":1},"f":{"0":2},"b":{}}
}
